2026-02-26 10:22:48 INFO  c.c.CalculatorProjectApplication - Starting CalculatorProjectApplication using Java 24.0.1 with PID 93986 (/Volumes/Pavi/Git/GIT-class/GIT-class/CalculatorProject/target/classes started by pavi in /Volumes/Pavi/Git/GIT-class/GIT-class/CalculatorProject)
2026-02-26 10:22:48 INFO  c.c.CalculatorProjectApplication - No active profile set, falling back to 1 default profile: "default"
2026-02-26 10:22:48 INFO  o.s.b.w.e.tomcat.TomcatWebServer - Tomcat initialized with port(s): 8080 (http)
2026-02-26 10:22:48 INFO  o.a.coyote.http11.Http11NioProtocol - Initializing ProtocolHandler ["http-nio-8080"]
2026-02-26 10:22:48 INFO  o.a.catalina.core.StandardService - Starting service [Tomcat]
2026-02-26 10:22:48 INFO  o.a.catalina.core.StandardEngine - Starting Servlet engine: [Apache Tomcat/10.1.15]
2026-02-26 10:22:48 INFO  o.a.c.c.C.[Tomcat].[localhost].[/] - Initializing Spring embedded WebApplicationContext
2026-02-26 10:22:48 INFO  o.s.b.w.s.c.ServletWebServerApplicationContext - Root WebApplicationContext: initialization completed in 249 ms
2026-02-26 10:22:48 INFO  o.s.b.a.w.s.WelcomePageHandlerMapping - Adding welcome page: class path resource [static/index.html]
2026-02-26 10:22:48 INFO  o.a.coyote.http11.Http11NioProtocol - Starting ProtocolHandler ["http-nio-8080"]
2026-02-26 10:22:48 INFO  o.s.b.w.e.tomcat.TomcatWebServer - Tomcat started on port(s): 8080 (http) with context path ''
2026-02-26 10:22:48 INFO  c.c.CalculatorProjectApplication - Started CalculatorProjectApplication in 0.501 seconds (process running for 0.587)
2026-02-26 10:22:48 INFO  c.c.CalculatorProjectApplication - CalculatorProject started successfully
2026-02-26 10:24:10 INFO  c.c.CalculatorProjectApplication - Starting CalculatorProjectApplication using Java 24.0.1 with PID 94352 (/Volumes/Pavi/Git/GIT-class/GIT-class/CalculatorProject/target/classes started by pavi in /Volumes/Pavi/Git/GIT-class/GIT-class/CalculatorProject)
2026-02-26 10:24:10 INFO  c.c.CalculatorProjectApplication - No active profile set, falling back to 1 default profile: "default"
2026-02-26 10:24:10 INFO  o.s.b.w.e.tomcat.TomcatWebServer - Tomcat initialized with port(s): 8080 (http)
2026-02-26 10:24:10 INFO  o.a.coyote.http11.Http11NioProtocol - Initializing ProtocolHandler ["http-nio-8080"]
2026-02-26 10:24:10 INFO  o.a.catalina.core.StandardService - Starting service [Tomcat]
2026-02-26 10:24:10 INFO  o.a.catalina.core.StandardEngine - Starting Servlet engine: [Apache Tomcat/10.1.15]
2026-02-26 10:24:10 INFO  o.a.c.c.C.[Tomcat].[localhost].[/] - Initializing Spring embedded WebApplicationContext
2026-02-26 10:24:10 INFO  o.s.b.w.s.c.ServletWebServerApplicationContext - Root WebApplicationContext: initialization completed in 240 ms
2026-02-26 10:24:10 INFO  o.s.b.a.w.s.WelcomePageHandlerMapping - Adding welcome page: class path resource [static/index.html]
2026-02-26 10:24:10 INFO  o.a.coyote.http11.Http11NioProtocol - Starting ProtocolHandler ["http-nio-8080"]
2026-02-26 10:24:10 INFO  o.s.b.w.e.tomcat.TomcatWebServer - Tomcat started on port(s): 8080 (http) with context path ''
2026-02-26 10:24:10 INFO  c.c.CalculatorProjectApplication - Started CalculatorProjectApplication in 0.491 seconds (process running for 0.575)
2026-02-26 10:24:10 INFO  c.c.CalculatorProjectApplication - CalculatorProject started successfully
2026-02-26 10:26:11 INFO  o.a.c.c.C.[Tomcat].[localhost].[/] - Initializing Spring DispatcherServlet 'dispatcherServlet'
2026-02-26 10:26:11 INFO  o.s.web.servlet.DispatcherServlet - Initializing Servlet 'dispatcherServlet'
2026-02-26 10:26:11 INFO  o.s.web.servlet.DispatcherServlet - Completed initialization in 1 ms
